###############################################################################
#                                                                             #
# IAR C/C++ Compiler V8.10.3.10338/W32 for 8051         18/Jul/2016  23:49:32 #
# Copyright 2004-2011 IAR Systems AB.                                         #
#                                                                             #
#    Core               =  plain                                              #
#    Code model         =  banked                                             #
#    Data model         =  large                                              #
#    Calling convention =  xdata reentrant                                    #
#    Constant location  =  data_rom                                           #
#    Dptr setup         =  1,16                                               #
#    Source file        =  F:\dongle例程\dongle usb交互\ZStack-2.5.1a\Compone #
#                          nts\mt\MT_UART.c                                   #
#    Command line       =  -f "F:\dongle例程\dongle                           #
#                          usb交互\ZStack-2.5.1a\Projects\zstack\Samples\Samp #
#                          leApp\CC2530DB\..\..\..\Tools\CC2530DB\f8wRouter.c #
#                          fg" (-DCPU32MHZ -DROOT=__near_func                 #
#                          -DMAC_CFG_APP_PENDING_QUEUE=TRUE                   #
#                          -DMAC_CFG_TX_DATA_MAX=5 -DMAC_CFG_TX_MAX=8         #
#                          -DMAC_CFG_RX_MAX=5 -DRTR_NWK) -f                   #
#                          "F:\dongle例程\dongle usb交互\ZStack-2.5.1a\Projec #
#                          ts\zstack\Samples\SampleApp\CC2530DB\..\..\..\Tool #
#                          s\CC2530DB\f8wConfig.cfg" (-DZIGBEEPRO -DSECURE=0  #
#                          -DZG_SECURE_DYNAMIC=0 -DREFLECTOR                  #
#                          -DDEFAULT_CHANLIST=0x00000800                      #
#                          -DZDAPP_CONFIG_PAN_ID=0xFFF1                       #
#                          -DNWK_START_DELAY=100 -DEXTENDED_JOINING_RANDOM_MA #
#                          SK=0x007F -DBEACON_REQUEST_DELAY=100               #
#                          -DBEACON_REQ_DELAY_MASK=0x00FF                     #
#                          -DLINK_STATUS_JITTER_MASK=0x007F                   #
#                          -DROUTE_EXPIRY_TIME=30 -DAPSC_ACK_WAIT_DURATION_PO #
#                          LLED=3000 -DNWK_INDIRECT_MSG_TIMEOUT=7             #
#                          -DMAX_RREQ_ENTRIES=8 -DAPSC_MAX_FRAME_RETRIES=3    #
#                          -DNWK_MAX_DATA_RETRIES=2                           #
#                          -DMAX_POLL_FAILURE_RETRIES=2 -DMAX_BCAST=9         #
#                          -DAPS_MAX_GROUPS=16 -DMAX_RTG_ENTRIES=40           #
#                          -DNWK_MAX_BINDING_ENTRIES=4                        #
#                          -DMAX_BINDING_CLUSTER_IDS=4 "-DDEFAULT_KEY={0x01,  #
#                          0x03, 0x05, 0x07, 0x09, 0x0B, 0x0D, 0x0F, 0x00,    #
#                          0x02, 0x04, 0x06, 0x08, 0x0A, 0x0C, 0x0D}"         #
#                          -DMAC_MAX_FRAME_SIZE=116                           #
#                          -DZDNWKMGR_MIN_TRANSMISSIONS=20 "-DCONST=const     #
#                          __code" -DGENERIC=__generic                        #
#                          -DRFD_RCVC_ALWAYS_ON=FALSE -DPOLL_RATE=10          #
#                          -DQUEUED_POLL_RATE=100 -DRESPONSE_POLL_RATE=100)   #
#                          -DREJOIN_POLL_RATE=440 "F:\dongle例程\dongle       #
#                          usb交互\ZStack-2.5.1a\Components\mt\MT_UART.c" -D  #
#                          ZTOOL_P1 -D xMT_TASK -D xMT_SYS_FUNC -D            #
#                          xMT_ZDO_FUNC -D LCD_SUPPORTED=DEBUG -lC            #
#                          "F:\dongle例程\dongle usb交互\ZStack-2.5.1a\Projec #
#                          ts\zstack\Samples\SampleApp\CC2530DB\RouterEB\List #
#                          \" -lA "F:\dongle例程\dongle                       #
#                          usb交互\ZStack-2.5.1a\Projects\zstack\Samples\Samp #
#                          leApp\CC2530DB\RouterEB\List\" --diag_suppress     #
#                          Pe001,Pa010 -o "F:\dongle例程\dongle               #
#                          usb交互\ZStack-2.5.1a\Projects\zstack\Samples\Samp #
#                          leApp\CC2530DB\RouterEB\Obj\" -e --no_code_motion  #
#                          --debug --core=plain --dptr=16,1                   #
#                          --data_model=large --code_model=banked             #
#                          --calling_convention=xdata_reentrant               #
#                          --place_constants=data_rom --nr_virtual_regs 16    #
#                          -I "F:\dongle例程\dongle                           #
#                          usb交互\ZStack-2.5.1a\Projects\zstack\Samples\Samp #
#                          leApp\CC2530DB\" -I "F:\dongle例程\dongle          #
#                          usb交互\ZStack-2.5.1a\Projects\zstack\Samples\Samp #
#                          leApp\CC2530DB\..\Source\" -I                      #
#                          "F:\dongle例程\dongle usb交互\ZStack-2.5.1a\Projec #
#                          ts\zstack\Samples\SampleApp\CC2530DB\..\..\..\ZMai #
#                          n\TI2530DB\" -I "F:\dongle例程\dongle              #
#                          usb交互\ZStack-2.5.1a\Projects\zstack\Samples\Samp #
#                          leApp\CC2530DB\..\..\..\..\..\Components\hal\inclu #
#                          de\" -I "F:\dongle例程\dongle                      #
#                          usb交互\ZStack-2.5.1a\Projects\zstack\Samples\Samp #
#                          leApp\CC2530DB\..\..\..\..\..\Components\hal\targe #
#                          t\CC2530EB\" -I "F:\dongle例程\dongle              #
#                          usb交互\ZStack-2.5.1a\Projects\zstack\Samples\Samp #
#                          leApp\CC2530DB\..\..\..\..\..\Components\mac\inclu #
#                          de\" -I "F:\dongle例程\dongle                      #
#                          usb交互\ZStack-2.5.1a\Projects\zstack\Samples\Samp #
#                          leApp\CC2530DB\..\..\..\..\..\Components\mac\high_ #
#                          level\" -I "F:\dongle例程\dongle                   #
#                          usb交互\ZStack-2.5.1a\Projects\zstack\Samples\Samp #
#                          leApp\CC2530DB\..\..\..\..\..\Components\mac\low_l #
#                          evel\srf04\" -I "F:\dongle例程\dongle              #
#                          usb交互\ZStack-2.5.1a\Projects\zstack\Samples\Samp #
#                          leApp\CC2530DB\..\..\..\..\..\Components\mac\low_l #
#                          evel\srf04\single_chip\" -I "F:\dongle例程\dongle  #
#                          usb交互\ZStack-2.5.1a\Projects\zstack\Samples\Samp #
#                          leApp\CC2530DB\..\..\..\..\..\Components\mt\" -I   #
#                          "F:\dongle例程\dongle usb交互\ZStack-2.5.1a\Projec #
#                          ts\zstack\Samples\SampleApp\CC2530DB\..\..\..\..\. #
#                          .\Components\osal\include\" -I                     #
#                          "F:\dongle例程\dongle usb交互\ZStack-2.5.1a\Projec #
#                          ts\zstack\Samples\SampleApp\CC2530DB\..\..\..\..\. #
#                          .\Components\services\saddr\" -I                   #
#                          "F:\dongle例程\dongle usb交互\ZStack-2.5.1a\Projec #
#                          ts\zstack\Samples\SampleApp\CC2530DB\..\..\..\..\. #
#                          .\Components\services\sdata\" -I                   #
#                          "F:\dongle例程\dongle usb交互\ZStack-2.5.1a\Projec #
#                          ts\zstack\Samples\SampleApp\CC2530DB\..\..\..\..\. #
#                          .\Components\stack\af\" -I "F:\dongle例程\dongle   #
#                          usb交互\ZStack-2.5.1a\Projects\zstack\Samples\Samp #
#                          leApp\CC2530DB\..\..\..\..\..\Components\stack\nwk #
#                          \" -I "F:\dongle例程\dongle                        #
#                          usb交互\ZStack-2.5.1a\Projects\zstack\Samples\Samp #
#                          leApp\CC2530DB\..\..\..\..\..\Components\stack\sap #
#                          i\" -I "F:\dongle例程\dongle                       #
#                          usb交互\ZStack-2.5.1a\Projects\zstack\Samples\Samp #
#                          leApp\CC2530DB\..\..\..\..\..\Components\stack\sec #
#                          \" -I "F:\dongle例程\dongle                        #
#                          usb交互\ZStack-2.5.1a\Projects\zstack\Samples\Samp #
#                          leApp\CC2530DB\..\..\..\..\..\Components\stack\sys #
#                          \" -I "F:\dongle例程\dongle                        #
#                          usb交互\ZStack-2.5.1a\Projects\zstack\Samples\Samp #
#                          leApp\CC2530DB\..\..\..\..\..\Components\stack\zdo #
#                          \" -I "F:\dongle例程\dongle                        #
#                          usb交互\ZStack-2.5.1a\Projects\zstack\Samples\Samp #
#                          leApp\CC2530DB\..\..\..\..\..\Components\zmac\"    #
#                          -I "F:\dongle例程\dongle                           #
#                          usb交互\ZStack-2.5.1a\Projects\zstack\Samples\Samp #
#                          leApp\CC2530DB\..\..\..\..\..\Components\zmac\f8w\ #
#                          " -Ohz                                             #
#    List file          =  F:\dongle例程\dongle usb交互\ZStack-2.5.1a\Project #
#                          s\zstack\Samples\SampleApp\CC2530DB\RouterEB\List\ #
#                          MT_UART.lst                                        #
#    Object file        =  F:\dongle例程\dongle usb交互\ZStack-2.5.1a\Project #
#                          s\zstack\Samples\SampleApp\CC2530DB\RouterEB\Obj\M #
#                          T_UART.r51                                         #
#                                                                             #
#                                                                             #
###############################################################################

F:\dongle例程\dongle usb交互\ZStack-2.5.1a\Components\mt\MT_UART.c
      1          /***************************************************************************************************
      2            Filename:       MT_UART.c
      3            Revised:        $Date: 2009-03-12 16:25:22 -0700 (Thu, 12 Mar 2009) $
      4            Revision:       $Revision: 19404 $
      5          
      6            Description:  This module handles anything dealing with the serial port.
      7          
      8            Copyright 2007 Texas Instruments Incorporated. All rights reserved.
      9          
     10            IMPORTANT: Your use of this Software is limited to those specific rights
     11            granted under the terms of a software license agreement between the user
     12            who downloaded the software, his/her employer (which must be your employer)
     13            and Texas Instruments Incorporated (the "License").  You may not use this
     14            Software unless you agree to abide by the terms of the License. The License
     15            limits your use, and you acknowledge, that the Software may not be modified,
     16            copied or distributed unless embedded on a Texas Instruments microcontroller
     17            or used solely and exclusively in conjunction with a Texas Instruments radio
     18            frequency transceiver, which is integrated into your product.  Other than for
     19            the foregoing purpose, you may not use, reproduce, copy, prepare derivative
     20            works of, modify, distribute, perform, display or sell this Software and/or
     21            its documentation for any purpose.
     22          
     23            YOU FURTHER ACKNOWLEDGE AND AGREE THAT THE SOFTWARE AND DOCUMENTATION ARE
     24            PROVIDED AS IS?WITHOUT WARRANTY OF ANY KIND, EITHER EXPRESS OR IMPLIED,
     25            INCLUDING WITHOUT LIMITATION, ANY WARRANTY OF MERCHANTABILITY, TITLE,
     26            NON-INFRINGEMENT AND FITNESS FOR A PARTICULAR PURPOSE. IN NO EVENT SHALL
     27            TEXAS INSTRUMENTS OR ITS LICENSORS BE LIABLE OR OBLIGATED UNDER CONTRACT,
     28            NEGLIGENCE, STRICT LIABILITY, CONTRIBUTION, BREACH OF WARRANTY, OR OTHER
     29            LEGAL EQUITABLE THEORY ANY DIRECT OR INDIRECT DAMAGES OR EXPENSES
     30            INCLUDING BUT NOT LIMITED TO ANY INCIDENTAL, SPECIAL, INDIRECT, PUNITIVE
     31            OR CONSEQUENTIAL DAMAGES, LOST PROFITS OR LOST DATA, COST OF PROCUREMENT
     32            OF SUBSTITUTE GOODS, TECHNOLOGY, SERVICES, OR ANY CLAIMS BY THIRD PARTIES
     33            (INCLUDING BUT NOT LIMITED TO ANY DEFENSE THEREOF), OR OTHER SIMILAR COSTS.
     34          
     35            Should you have any questions regarding your right to use this Software,
     36            contact Texas Instruments Incorporated at www.TI.com.
     37          
     38          ***************************************************************************************************/
     39          
     40          /***************************************************************************************************
     41           * INCLUDES
     42           ***************************************************************************************************/
     43          #include "ZComDef.h"
     44          #include "OSAL.h"
     45          #include "hal_uart.h"
     46          #include "MT.h"
     47          #include "MT_UART.h"
     48          #include "OSAL_Memory.h"
     49          #include "MT_AF.h"
     50          
     51          /***************************************************************************************************
     52           * MACROS
     53           ***************************************************************************************************/
     54          
     55          /***************************************************************************************************
     56           * CONSTANTS
     57           ***************************************************************************************************/
     58          /* State values for ZTool protocal */
     59          #define SOP_STATE      0x00
     60          #define CMD_STATE1     0x01
     61          #define CMD_STATE2     0x02
     62          #define LEN_STATE      0x03
     63          #define DATA_STATE     0x04
     64          #define FCS_STATE      0x05
     65          
     66          /***************************************************************************************************
     67           *                                         GLOBAL VARIABLES
     68           ***************************************************************************************************/
     69          /* Used to indentify the application ID for osal task */

   \                                 In  segment XDATA_Z, align 1, keep-with-next
     70          byte App_TaskID;
   \                     App_TaskID:
   \   000000                DS 1
   \   000001                REQUIRE __INIT_XDATA_Z
     71          
     72          /* ZTool protocal parameters */

   \                                 In  segment XDATA_Z, align 1, keep-with-next
     73          uint8 state;
   \                     state:
   \   000000                DS 1
   \   000001                REQUIRE __INIT_XDATA_Z

   \                                 In  segment XDATA_Z, align 1, keep-with-next
     74          uint8  CMD_Token[2];
   \                     CMD_Token:
   \   000000                DS 2
   \   000002                REQUIRE __INIT_XDATA_Z

   \                                 In  segment XDATA_Z, align 1, keep-with-next
     75          uint8  LEN_Token;
   \                     LEN_Token:
   \   000000                DS 1
   \   000001                REQUIRE __INIT_XDATA_Z

   \                                 In  segment XDATA_Z, align 1, keep-with-next
     76          uint8  FSC_Token;
   \                     FSC_Token:
   \   000000                DS 1
   \   000001                REQUIRE __INIT_XDATA_Z

   \                                 In  segment XDATA_Z, align 1, keep-with-next
     77          mtOSALSerialData_t  *pMsg;
   \                     pMsg:
   \   000000                DS 2
   \   000002                REQUIRE __INIT_XDATA_Z

   \                                 In  segment XDATA_Z, align 1, keep-with-next
     78          uint8  tempDataLen;
   \                     tempDataLen:
   \   000000                DS 1
   \   000001                REQUIRE __INIT_XDATA_Z
     79          
     80          #if defined (ZAPP_P1) || defined (ZAPP_P2)
     81          uint16  MT_UartMaxZAppBufLen;
     82          bool    MT_UartZAppRxStatus;
     83          #endif
     84          
     85          
     86          /***************************************************************************************************
     87           *                                          LOCAL FUNCTIONS
     88           ***************************************************************************************************/
     89          
     90          /***************************************************************************************************
     91           * @fn      MT_UartInit
     92           *
     93           * @brief   Initialize MT with UART support
     94           *
     95           * @param   None
     96           *
     97           * @return  None
     98          ***************************************************************************************************/

   \                                 In  segment BANKED_CODE, align 1, keep-with-next
     99          void MT_UartInit ()
   \                     MT_UartInit:
    100          {
   \   000000   C082         PUSH    DPL
   \   000002   C083         PUSH    DPH
   \   000004                ; Saved register size: 2
   \   000004                ; Auto size: 29
   \   000004   74E3         MOV     A,#-0x1d
   \   000006   12....       LCALL   ?ALLOC_XSTACK8
    101            halUARTCfg_t uartConfig;
    102          
    103            /* Initialize APP ID */
    104            App_TaskID = 0;
   \   000009   90....       MOV     DPTR,#App_TaskID
   \   00000C   E4           CLR     A
   \   00000D   F0           MOVX    @DPTR,A
    105          
    106            /* UART Configuration */
    107            uartConfig.configured           = TRUE;
   \   00000E   85..82       MOV     DPL,?XSP + 0
   \   000011   85..83       MOV     DPH,?XSP + 1
   \   000014   04           INC     A
   \   000015   F0           MOVX    @DPTR,A
    108            uartConfig.baudRate             = MT_UART_DEFAULT_BAUDRATE;
   \   000016   12....       LCALL   ?XSTACK_DISP0_8
   \   000019   7404         MOV     A,#0x4
   \   00001B   F0           MOVX    @DPTR,A
    109            uartConfig.flowControl          = MT_UART_DEFAULT_OVERFLOW;
   \   00001C   7402         MOV     A,#0x2
   \   00001E   12....       LCALL   ?XSTACK_DISP0_8
   \   000021   E4           CLR     A
   \   000022   F0           MOVX    @DPTR,A
    110            uartConfig.flowControlThreshold = MT_UART_DEFAULT_THRESHOLD;
   \   000023   7403         MOV     A,#0x3
   \   000025   12....       LCALL   ?XSTACK_DISP0_8
   \   000028   7440         MOV     A,#0x40
   \   00002A   F0           MOVX    @DPTR,A
   \   00002B   A3           INC     DPTR
   \   00002C   E4           CLR     A
   \   00002D   F0           MOVX    @DPTR,A
    111            uartConfig.rx.maxBufSize        = MT_UART_DEFAULT_MAX_RX_BUFF;
   \   00002E   740A         MOV     A,#0xa
   \   000030   12....       LCALL   ?XSTACK_DISP0_8
   \   000033   7480         MOV     A,#-0x80
   \   000035   F0           MOVX    @DPTR,A
   \   000036   A3           INC     DPTR
   \   000037   E4           CLR     A
   \   000038   F0           MOVX    @DPTR,A
    112            uartConfig.tx.maxBufSize        = MT_UART_DEFAULT_MAX_TX_BUFF;
   \   000039   7412         MOV     A,#0x12
   \   00003B   12....       LCALL   ?XSTACK_DISP0_8
   \   00003E   7480         MOV     A,#-0x80
   \   000040   F0           MOVX    @DPTR,A
   \   000041   A3           INC     DPTR
   \   000042   E4           CLR     A
   \   000043   F0           MOVX    @DPTR,A
    113            uartConfig.idleTimeout          = MT_UART_DEFAULT_IDLE_TIMEOUT;
   \   000044   7405         MOV     A,#0x5
   \   000046   12....       LCALL   ?XSTACK_DISP0_8
   \   000049   7406         MOV     A,#0x6
   \   00004B   F0           MOVX    @DPTR,A
    114            uartConfig.intEnable            = TRUE;
   \   00004C   7416         MOV     A,#0x16
   \   00004E   12....       LCALL   ?XSTACK_DISP0_8
   \   000051   7401         MOV     A,#0x1
   \   000053   F0           MOVX    @DPTR,A
    115          #if defined (ZTOOL_P1) || defined (ZTOOL_P2)
    116            uartConfig.callBackFunc         = MT_UartProcessZToolData;
   \   000054   741B         MOV     A,#0x1b
   \   000056   12....       LCALL   ?XSTACK_DISP0_8
   \   000059   74..         MOV     A,#??MT_UartProcessZToolData?relay & 0xff
   \   00005B   F0           MOVX    @DPTR,A
   \   00005C   A3           INC     DPTR
   \   00005D   74..         MOV     A,#(??MT_UartProcessZToolData?relay >> 8) & 0xff
   \   00005F   F0           MOVX    @DPTR,A
    117          #elif defined (ZAPP_P1) || defined (ZAPP_P2)
    118            uartConfig.callBackFunc         = MT_UartProcessZAppData;
    119          #else
    120            uartConfig.callBackFunc         = NULL;
    121          #endif
    122          
    123            /* Start UART */
    124          #if defined (MT_UART_DEFAULT_PORT)
    125            HalUARTOpen (MT_UART_DEFAULT_PORT, &uartConfig);
   \   000060                ; Setup parameters for call to function HalUARTOpen
   \   000060   85..82       MOV     DPL,?XSP + 0
   \   000063   85..83       MOV     DPH,?XSP + 1
   \   000066   AA82         MOV     R2,DPL
   \   000068   AB83         MOV     R3,DPH
   \   00006A   7900         MOV     R1,#0x0
   \   00006C   12....       LCALL   ??HalUARTOpen?relay
    126          #else
    127            /* Silence IAR compiler warning */
    128            (void)uartConfig;
    129          #endif
    130          
    131            /* Initialize for ZApp */
    132          #if defined (ZAPP_P1) || defined (ZAPP_P2)
    133            /* Default max bytes that ZAPP can take */
    134            MT_UartMaxZAppBufLen  = 1;
    135            MT_UartZAppRxStatus   = MT_UART_ZAPP_RX_READY;
    136          #endif
    137          
    138          }
   \   00006F   741D         MOV     A,#0x1d
   \   000071   12....       LCALL   ?DEALLOC_XSTACK8
   \   000074                REQUIRE ?Subroutine0
   \   000074                ; // Fall through to label ?Subroutine0

   \                                 In  segment BANKED_CODE, align 1, keep-with-next
   \                     ?Subroutine0:
   \   000000   D083         POP     DPH
   \   000002   D082         POP     DPL
   \   000004   02....       LJMP    ?BRET
    139          
    140          /***************************************************************************************************
    141           * @fn      MT_SerialRegisterTaskID
    142           *
    143           * @brief   This function registers the taskID of the application so it knows
    144           *          where to send the messages whent they come in.
    145           *
    146           * @param   void
    147           *
    148           * @return  void
    149           ***************************************************************************************************/

   \                                 In  segment BANKED_CODE, align 1, keep-with-next
    150          void MT_UartRegisterTaskID( byte taskID )
   \                     MT_UartRegisterTaskID:
    151          {
   \   000000   C082         PUSH    DPL
   \   000002   C083         PUSH    DPH
   \   000004                ; Saved register size: 2
   \   000004                ; Auto size: 0
    152            App_TaskID = taskID;
   \   000004   E9           MOV     A,R1
   \   000005   90....       MOV     DPTR,#App_TaskID
   \   000008   F0           MOVX    @DPTR,A
    153          }
   \   000009   80..         SJMP    ?Subroutine0
    154          
    155          /***************************************************************************************************
    156           * @fn      SPIMgr_CalcFCS
    157           *
    158           * @brief   Calculate the FCS of a message buffer by XOR'ing each byte.
    159           *          Remember to NOT include SOP and FCS fields, so start at the CMD field.
    160           *
    161           * @param   byte *msg_ptr - message pointer
    162           * @param   byte len - length (in bytes) of message
    163           *
    164           * @return  result byte
    165           ***************************************************************************************************/

   \                                 In  segment BANKED_CODE, align 1, keep-with-next
    166          byte MT_UartCalcFCS( uint8 *msg_ptr, uint8 len )
   \                     MT_UartCalcFCS:
    167          {
   \   000000   C082         PUSH    DPL
   \   000002   C083         PUSH    DPH
   \   000004                ; Saved register size: 2
   \   000004                ; Auto size: 0
   \   000004   E9           MOV     A,R1
   \   000005   FC           MOV     R4,A
    168            byte x;
    169            byte xorResult;
    170          
    171            xorResult = 0;
   \   000006   7900         MOV     R1,#0x0
    172          
    173            for ( x = 0; x < len; x++, msg_ptr++ )
   \   000008   7800         MOV     R0,#0x0
   \   00000A   800E         SJMP    ??MT_UartCalcFCS_0
    174              xorResult = xorResult ^ *msg_ptr;
   \                     ??MT_UartCalcFCS_1:
   \   00000C   8A82         MOV     DPL,R2
   \   00000E   8B83         MOV     DPH,R3
   \   000010   E0           MOVX    A,@DPTR
   \   000011   C9           XCH     A,R1
   \   000012   69           XRL     A,R1
   \   000013   F9           MOV     R1,A
   \   000014   08           INC     R0
   \   000015   A3           INC     DPTR
   \   000016   AA82         MOV     R2,DPL
   \   000018   AB83         MOV     R3,DPH
   \                     ??MT_UartCalcFCS_0:
   \   00001A   E8           MOV     A,R0
   \   00001B   C3           CLR     C
   \   00001C   9C           SUBB    A,R4
   \   00001D   40ED         JC      ??MT_UartCalcFCS_1
    175          
    176            return ( xorResult );
   \   00001F   80..         SJMP    ?Subroutine0
    177          }
    178          
    179          
    180          /***************************************************************************************************
    181           * @fn      MT_UartProcessZToolData
    182           *
    183           * @brief   | SOP | Data Length  |   CMD   |   Data   |  FCS  |
    184           *          |  1  |     1        |    2    |  0-Len   |   1   |
    185           *
    186           *          Parses the data and determine either is SPI or just simply serial data
    187           *          then send the data to correct place (MT or APP)
    188           *
    189           * @param   port     - UART port
    190           *          event    - Event that causes the callback
    191           *
    192           *
    193           * @return  None
    194           ***************************************************************************************************/

   \                                 In  segment BANKED_CODE, align 1, keep-with-next
    195          void MT_UartProcessZToolData ( uint8 port, uint8 event )
   \                     MT_UartProcessZToolData:
    196          {
   \   000000   74F6         MOV     A,#-0xa
   \   000002   12....       LCALL   ?BANKED_ENTER_XDATA
   \   000005                ; Saved register size: 10
   \   000005                ; Auto size: 1
   \   000005   74FF         MOV     A,#-0x1
   \   000007   12....       LCALL   ?ALLOC_XSTACK8
   \   00000A   E9           MOV     A,R1
   \   00000B   FE           MOV     R6,A
    197            uint8  ch;
    198            uint8  bytesInRxBuffer;
    199            
    200            (void)event;  // Intentionally unreferenced parameter
   \   00000C   8032         SJMP    ??MT_UartProcessZToolData_0
    201          
    202            while (Hal_UART_RxBufLen(port))
    203            {
    204              HalUARTRead (port, &ch, 1);
    205          
    206              switch (state)
    207              {
    208                case SOP_STATE:
    209                  if (ch == MT_UART_SOF)
    210                    state = LEN_STATE;
    211                  break;
    212          
    213                case LEN_STATE:
    214                  LEN_Token = ch;
    215          
    216                  tempDataLen = 0;
    217          
    218                  /* Allocate memory for the data */
    219                  pMsg = (mtOSALSerialData_t *)osal_msg_allocate( sizeof ( mtOSALSerialData_t ) +
    220                                                                  MT_RPC_FRAME_HDR_SZ + LEN_Token );
    221          
    222                  if (pMsg)
    223                  {
    224                    /* Fill up what we can */
    225                    pMsg->hdr.event = CMD_SERIAL_MSG;
   \                     ??MT_UartProcessZToolData_1:
   \   00000E   12....       LCALL   ??Subroutine12_0 & 0xFFFF
   \                     ??CrossCallReturnLabel_20:
   \   000011   7401         MOV     A,#0x1
   \   000013   F0           MOVX    @DPTR,A
    226                    pMsg->msg = (uint8*)(pMsg+1);
   \   000014   90....       MOV     DPTR,#pMsg
   \   000017   E0           MOVX    A,@DPTR
   \   000018   2404         ADD     A,#0x4
   \   00001A   F8           MOV     R0,A
   \   00001B   A3           INC     DPTR
   \   00001C   E0           MOVX    A,@DPTR
   \   00001D   3400         ADDC    A,#0x0
   \   00001F   F9           MOV     R1,A
   \   000020   12....       LCALL   ?Subroutine4 & 0xFFFF
   \                     ??CrossCallReturnLabel_6:
   \   000023   E8           MOV     A,R0
   \   000024   F0           MOVX    @DPTR,A
   \   000025   A3           INC     DPTR
   \   000026   E9           MOV     A,R1
   \   000027   12....       LCALL   ?Subroutine5 & 0xFFFF
    227                    pMsg->msg[MT_RPC_POS_LEN] = LEN_Token;
   \                     ??CrossCallReturnLabel_8:
   \   00002A   C0E0         PUSH    A
   \   00002C   90....       MOV     DPTR,#pMsg
   \   00002F   12....       LCALL   ?Subroutine6 & 0xFFFF
   \                     ??CrossCallReturnLabel_12:
   \   000032   A3           INC     DPTR
   \   000033   A3           INC     DPTR
   \   000034   12....       LCALL   ?Subroutine6 & 0xFFFF
   \                     ??CrossCallReturnLabel_13:
   \   000037   D0E0         POP     A
   \   000039   F0           MOVX    @DPTR,A
    228                    state = CMD_STATE1;
   \   00003A   90....       MOV     DPTR,#state
   \   00003D   7401         MOV     A,#0x1
   \                     ??MT_UartProcessZToolData_2:
   \   00003F   F0           MOVX    @DPTR,A
    229                  }
    230                  else
    231                  {
    232                    state = SOP_STATE;
    233                    return;
    234                  }
    235                  break;
   \                     ??MT_UartProcessZToolData_0:
   \   000040                ; Setup parameters for call to function Hal_UART_RxBufLen
   \   000040   EE           MOV     A,R6
   \   000041   F9           MOV     R1,A
   \   000042   12....       LCALL   ??Hal_UART_RxBufLen?relay
   \   000045   8B..         MOV     ?V0 + 1,R3
   \   000047   EA           MOV     A,R2
   \   000048   45..         ORL     A,?V0 + 1
   \   00004A   607A         JZ      ??MT_UartProcessZToolData_3
   \   00004C                ; Setup parameters for call to function HalUARTRead
   \   00004C   7C01         MOV     R4,#0x1
   \   00004E   7D00         MOV     R5,#0x0
   \   000050   85..82       MOV     DPL,?XSP + 0
   \   000053   85..83       MOV     DPH,?XSP + 1
   \   000056   AA82         MOV     R2,DPL
   \   000058   AB83         MOV     R3,DPH
   \   00005A   EE           MOV     A,R6
   \   00005B   F9           MOV     R1,A
   \   00005C   12....       LCALL   ??HalUARTRead?relay
   \   00005F   90....       MOV     DPTR,#state
   \   000062   E0           MOVX    A,@DPTR
   \   000063   6017         JZ      ??MT_UartProcessZToolData_4
   \   000065   14           DEC     A
   \   000066   6068         JZ      ??MT_UartProcessZToolData_5
   \   000068   14           DEC     A
   \   000069   607C         JZ      ??MT_UartProcessZToolData_6
   \   00006B   14           DEC     A
   \   00006C   6020         JZ      ??MT_UartProcessZToolData_7
   \   00006E   14           DEC     A
   \   00006F   7003         JNZ     $+5
   \   000071   02....       LJMP    ??MT_UartProcessZToolData_8 & 0xFFFF
   \   000074   14           DEC     A
   \   000075   7003         JNZ     $+5
   \   000077   02....       LJMP    ??MT_UartProcessZToolData_9 & 0xFFFF
   \   00007A   80C4         SJMP    ??MT_UartProcessZToolData_0
   \                     ??MT_UartProcessZToolData_4:
   \   00007C   85..82       MOV     DPL,?XSP + 0
   \   00007F   85..83       MOV     DPH,?XSP + 1
   \   000082   E0           MOVX    A,@DPTR
   \   000083   64FE         XRL     A,#0xfe
   \   000085   70B9         JNZ     ??MT_UartProcessZToolData_0
   \   000087   90....       MOV     DPTR,#state
   \   00008A   7403         MOV     A,#0x3
   \   00008C   80B1         SJMP    ??MT_UartProcessZToolData_2
   \                     ??MT_UartProcessZToolData_7:
   \   00008E   85..82       MOV     DPL,?XSP + 0
   \   000091   85..83       MOV     DPH,?XSP + 1
   \   000094   E0           MOVX    A,@DPTR
   \   000095   90....       MOV     DPTR,#LEN_Token
   \   000098   F0           MOVX    @DPTR,A
   \   000099   90....       MOV     DPTR,#tempDataLen
   \   00009C   E4           CLR     A
   \   00009D   12....       LCALL   ?Subroutine5 & 0xFFFF
   \                     ??CrossCallReturnLabel_9:
   \   0000A0   2407         ADD     A,#0x7
   \   0000A2   FA           MOV     R2,A
   \   0000A3   E4           CLR     A
   \   0000A4   3400         ADDC    A,#0x0
   \   0000A6   FB           MOV     R3,A
   \   0000A7   12....       LCALL   ??osal_msg_allocate?relay
   \   0000AA   90....       MOV     DPTR,#pMsg
   \   0000AD   EA           MOV     A,R2
   \   0000AE   F0           MOVX    @DPTR,A
   \   0000AF   A3           INC     DPTR
   \   0000B0   EB           MOV     A,R3
   \   0000B1   F0           MOVX    @DPTR,A
   \   0000B2   90....       MOV     DPTR,#pMsg
   \   0000B5   E0           MOVX    A,@DPTR
   \   0000B6   F8           MOV     R0,A
   \   0000B7   A3           INC     DPTR
   \   0000B8   E0           MOVX    A,@DPTR
   \   0000B9   F9           MOV     R1,A
   \   0000BA   E8           MOV     A,R0
   \   0000BB   49           ORL     A,R1
   \   0000BC   6003         JZ      $+5
   \   0000BE   02....       LJMP    ??MT_UartProcessZToolData_1 & 0xFFFF
   \   0000C1   90....       MOV     DPTR,#state
   \   0000C4   E4           CLR     A
   \   0000C5   F0           MOVX    @DPTR,A
   \                     ??MT_UartProcessZToolData_3:
   \   0000C6   7401         MOV     A,#0x1
   \   0000C8   12....       LCALL   ?DEALLOC_XSTACK8
   \   0000CB   7F02         MOV     R7,#0x2
   \   0000CD   02....       LJMP    ?BANKED_LEAVE_XDATA
    236          
    237                case CMD_STATE1:
    238                  pMsg->msg[MT_RPC_POS_CMD0] = ch;
   \                     ??MT_UartProcessZToolData_5:
   \   0000D0   85..82       MOV     DPL,?XSP + 0
   \   0000D3   85..83       MOV     DPH,?XSP + 1
   \   0000D6   E0           MOVX    A,@DPTR
   \   0000D7   C0E0         PUSH    A
   \   0000D9   12....       LCALL   ?Subroutine2 & 0xFFFF
   \                     ??CrossCallReturnLabel_2:
   \   0000DC   D0E0         POP     A
   \   0000DE   F0           MOVX    @DPTR,A
    239                  state = CMD_STATE2;
   \   0000DF   90....       MOV     DPTR,#state
   \   0000E2   7402         MOV     A,#0x2
   \   0000E4   02....       LJMP    ??MT_UartProcessZToolData_2 & 0xFFFF
    240                  break;
    241          
    242                case CMD_STATE2:
    243                  pMsg->msg[MT_RPC_POS_CMD1] = ch;
   \                     ??MT_UartProcessZToolData_6:
   \   0000E7   85..82       MOV     DPL,?XSP + 0
   \   0000EA   85..83       MOV     DPH,?XSP + 1
   \   0000ED   E0           MOVX    A,@DPTR
   \   0000EE   C0E0         PUSH    A
   \   0000F0   12....       LCALL   ?Subroutine2 & 0xFFFF
   \                     ??CrossCallReturnLabel_3:
   \   0000F3   A3           INC     DPTR
   \   0000F4   D0E0         POP     A
   \   0000F6   12....       LCALL   ?Subroutine5 & 0xFFFF
    244                  /* If there is no data, skip to FCS state */
    245                  if (LEN_Token)
   \                     ??CrossCallReturnLabel_10:
   \   0000F9   7003         JNZ     $+5
   \   0000FB   02....       LJMP    ??MT_UartProcessZToolData_10 & 0xFFFF
    246                  {
    247                    state = DATA_STATE;
   \   0000FE   90....       MOV     DPTR,#state
   \   000101   7404         MOV     A,#0x4
   \   000103   02....       LJMP    ??MT_UartProcessZToolData_2 & 0xFFFF
    248                  }
    249                  else
    250                  {
    251                    state = FCS_STATE;
    252                  }
    253                  break;
    254          
    255                case DATA_STATE:
    256          
    257                  /* Fill in the buffer the first byte of the data */
    258                  pMsg->msg[MT_RPC_FRAME_HDR_SZ + tempDataLen++] = ch;
   \                     ??MT_UartProcessZToolData_8:
   \   000106   85..82       MOV     DPL,?XSP + 0
   \   000109   85..83       MOV     DPH,?XSP + 1
   \   00010C   E0           MOVX    A,@DPTR
   \   00010D   C0E0         PUSH    A
   \   00010F   90....       MOV     DPTR,#tempDataLen
   \   000112   E0           MOVX    A,@DPTR
   \   000113   F8           MOV     R0,A
   \   000114   12....       LCALL   ?Subroutine4 & 0xFFFF
   \                     ??CrossCallReturnLabel_7:
   \   000117   12....       LCALL   ?Subroutine7 & 0xFFFF
   \                     ??CrossCallReturnLabel_14:
   \   00011A   D0E0         POP     A
   \   00011C   F0           MOVX    @DPTR,A
   \   00011D   90....       MOV     DPTR,#tempDataLen
   \   000120   E0           MOVX    A,@DPTR
   \   000121   04           INC     A
   \   000122   F0           MOVX    @DPTR,A
    259          
    260                  /* Check number of bytes left in the Rx buffer */
    261                  bytesInRxBuffer = Hal_UART_RxBufLen(port);
   \   000123                ; Setup parameters for call to function Hal_UART_RxBufLen
   \   000123   EE           MOV     A,R6
   \   000124   F9           MOV     R1,A
   \   000125   12....       LCALL   ??Hal_UART_RxBufLen?relay
   \   000128   EA           MOV     A,R2
   \   000129   FF           MOV     R7,A
    262          
    263                  /* If the remain of the data is there, read them all, otherwise, just read enough */
    264                  if (bytesInRxBuffer <= LEN_Token - tempDataLen)
   \   00012A   90....       MOV     DPTR,#LEN_Token
   \   00012D   E0           MOVX    A,@DPTR
   \   00012E   F8           MOV     R0,A
   \   00012F   90....       MOV     DPTR,#tempDataLen
   \   000132   E0           MOVX    A,@DPTR
   \   000133   FA           MOV     R2,A
   \   000134   E8           MOV     A,R0
   \   000135   C3           CLR     C
   \   000136   9A           SUBB    A,R2
   \   000137   F8           MOV     R0,A
   \   000138   95E0         SUBB    A,0xE0 /* A   */
   \   00013A   F9           MOV     R1,A
   \   00013B   8F..         MOV     ?V0 + 0,R7
   \   00013D   C3           CLR     C
   \   00013E   E8           MOV     A,R0
   \   00013F   95..         SUBB    A,?V0 + 0
   \   000141   E9           MOV     A,R1
   \   000142   9400         SUBB    A,#0x0
   \   000144   A2D2         MOV     C,0xD0 /* PSW */.2
   \   000146   65D0         XRL     A,PSW
   \   000148   33           RLC     A
   \   000149   4010         JC      ??MT_UartProcessZToolData_11
    265                  {
    266                    HalUARTRead (port, &pMsg->msg[MT_RPC_FRAME_HDR_SZ + tempDataLen], bytesInRxBuffer);
   \   00014B                ; Setup parameters for call to function HalUARTRead
   \   00014B   AC..         MOV     R4,?V0 + 0
   \   00014D   7D00         MOV     R5,#0x0
   \   00014F   E0           MOVX    A,@DPTR
   \   000150   F8           MOV     R0,A
   \   000151   12....       LCALL   ?Subroutine1 & 0xFFFF
    267                    tempDataLen += bytesInRxBuffer;
   \                     ??CrossCallReturnLabel_0:
   \   000154   90....       MOV     DPTR,#tempDataLen
   \   000157   E0           MOVX    A,@DPTR
   \   000158   2F           ADD     A,R7
   \   000159   8016         SJMP    ??MT_UartProcessZToolData_12
    268                  }
    269                  else
    270                  {
    271                    HalUARTRead (port, &pMsg->msg[MT_RPC_FRAME_HDR_SZ + tempDataLen], LEN_Token - tempDataLen);
   \                     ??MT_UartProcessZToolData_11:
   \   00015B   E0           MOVX    A,@DPTR
   \   00015C   F8           MOV     R0,A
   \   00015D                ; Setup parameters for call to function HalUARTRead
   \   00015D   90....       MOV     DPTR,#LEN_Token
   \   000160   E0           MOVX    A,@DPTR
   \   000161   C3           CLR     C
   \   000162   98           SUBB    A,R0
   \   000163   FC           MOV     R4,A
   \   000164   95E0         SUBB    A,0xE0 /* A   */
   \   000166   FD           MOV     R5,A
   \   000167   12....       LCALL   ?Subroutine1 & 0xFFFF
    272                    tempDataLen += (LEN_Token - tempDataLen);
   \                     ??CrossCallReturnLabel_1:
   \   00016A   90....       MOV     DPTR,#LEN_Token
   \   00016D   E0           MOVX    A,@DPTR
   \   00016E   90....       MOV     DPTR,#tempDataLen
   \                     ??MT_UartProcessZToolData_12:
   \   000171   F0           MOVX    @DPTR,A
    273                  }
    274          
    275                  /* If number of bytes read is equal to data length, time to move on to FCS */
    276                  if ( tempDataLen == LEN_Token )
   \   000172   E0           MOVX    A,@DPTR
   \   000173   F8           MOV     R0,A
   \   000174   90....       MOV     DPTR,#LEN_Token
   \   000177   E0           MOVX    A,@DPTR
   \   000178   68           XRL     A,R0
   \   000179   6003         JZ      $+5
   \   00017B   02....       LJMP    ??MT_UartProcessZToolData_0 & 0xFFFF
   \                     ??MT_UartProcessZToolData_10:
   \   00017E   90....       MOV     DPTR,#state
   \   000181   7405         MOV     A,#0x5
   \   000183   02....       LJMP    ??MT_UartProcessZToolData_2 & 0xFFFF
    277                      state = FCS_STATE;
    278          
    279                  break;
    280          
    281                case FCS_STATE:
    282          
    283                  FSC_Token = ch;
   \                     ??MT_UartProcessZToolData_9:
   \   000186   85..82       MOV     DPL,?XSP + 0
   \   000189   85..83       MOV     DPH,?XSP + 1
   \   00018C   E0           MOVX    A,@DPTR
   \   00018D   90....       MOV     DPTR,#FSC_Token
   \   000190   12....       LCALL   ?Subroutine5 & 0xFFFF
    284          
    285                  /* Make sure it's correct */
    286                  if ((MT_UartCalcFCS ((uint8*)&pMsg->msg[0], MT_RPC_FRAME_HDR_SZ + LEN_Token) == FSC_Token))
   \                     ??CrossCallReturnLabel_11:
   \   000193   2403         ADD     A,#0x3
   \   000195   F9           MOV     R1,A
   \   000196   90....       MOV     DPTR,#pMsg
   \   000199   12....       LCALL   ?Subroutine3 & 0xFFFF
   \                     ??CrossCallReturnLabel_4:
   \   00019C   12....       LCALL   ??MT_UartCalcFCS?relay
   \   00019F   E9           MOV     A,R1
   \   0001A0   F8           MOV     R0,A
   \   0001A1   90....       MOV     DPTR,#FSC_Token
   \   0001A4   E0           MOVX    A,@DPTR
   \   0001A5   68           XRL     A,R0
   \   0001A6   90....       MOV     DPTR,#pMsg
   \   0001A9   7008         JNZ     ??MT_UartProcessZToolData_13
    287                  {
    288                    //义
    289                    //把osal_msg_send( App_TaskID, (byte *)pMsg );这句话注释掉添加//MT_AfCommandProcessing(pMsg->msg);别忘了添加MT_AF.h文件
    290                    //关于这个函数可以参见《如何在Zstack中使用串口.pdf》
    291                    //osal_msg_send( App_TaskID, (byte *)pMsg );
    292                    MT_AfCommandProcessing(pMsg->msg);
   \   0001AB                ; Setup parameters for call to function MT_AfCommandProcessing
   \   0001AB   12....       LCALL   ?Subroutine3 & 0xFFFF
    293                  }
   \                     ??CrossCallReturnLabel_5:
   \   0001AE   12....       LCALL   ??MT_AfCommandProcessing?relay
   \   0001B1   8008         SJMP    ??MT_UartProcessZToolData_14
    294                  else
    295                  {
    296                    /* deallocate the msg */
    297                    osal_msg_deallocate ( (uint8 *)pMsg );
   \                     ??MT_UartProcessZToolData_13:
   \   0001B3                ; Setup parameters for call to function osal_msg_deallocate
   \   0001B3   E0           MOVX    A,@DPTR
   \   0001B4   FA           MOV     R2,A
   \   0001B5   A3           INC     DPTR
   \   0001B6   E0           MOVX    A,@DPTR
   \   0001B7   FB           MOV     R3,A
   \   0001B8   12....       LCALL   ??osal_msg_deallocate?relay
    298                  }
    299          
    300                  /* Reset the state, send or discard the buffers at this point */
    301                  state = SOP_STATE;
   \                     ??MT_UartProcessZToolData_14:
   \   0001BB   90....       MOV     DPTR,#state
   \   0001BE   E4           CLR     A
   \   0001BF   02....       LJMP    ??MT_UartProcessZToolData_2 & 0xFFFF
    302          
    303                  break;
    304          
    305                default:
    306                 break;
    307              }
    308            }
    309          }

   \                                 In  segment BANKED_CODE, align 1, keep-with-next
   \                     ?Subroutine6:
   \   000000   12....       LCALL   ?Subroutine10 & 0xFFFF
   \                     ??CrossCallReturnLabel_22:
   \   000003   22           RET

   \                                 In  segment BANKED_CODE, align 1, keep-with-next
   \                     ?Subroutine10:
   \   000000   E0           MOVX    A,@DPTR
   \   000001                REQUIRE ??Subroutine11_0
   \   000001                ; // Fall through to label ??Subroutine11_0

   \                                 In  segment BANKED_CODE, align 1, keep-with-next
   \                     ??Subroutine11_0:
   \   000000   F8           MOV     R0,A
   \   000001   A3           INC     DPTR
   \   000002                REQUIRE ??Subroutine12_0
   \   000002                ; // Fall through to label ??Subroutine12_0

   \                                 In  segment BANKED_CODE, align 1, keep-with-next
   \                     ??Subroutine12_0:
   \   000000   E0           MOVX    A,@DPTR
   \   000001   F583         MOV     DPH,A
   \   000003   8882         MOV     DPL,R0
   \   000005   22           RET

   \                                 In  segment BANKED_CODE, align 1, keep-with-next
   \                     ?Subroutine5:
   \   000000   F0           MOVX    @DPTR,A
   \   000001                ; Setup parameters for call to function osal_msg_allocate
   \   000001                ; Setup parameters for call to function MT_UartCalcFCS
   \   000001   90....       MOV     DPTR,#LEN_Token
   \   000004   E0           MOVX    A,@DPTR
   \   000005   22           RET

   \                                 In  segment BANKED_CODE, align 1, keep-with-next
   \                     ?Subroutine4:
   \   000000   12....       LCALL   ?Subroutine9 & 0xFFFF
   \                     ??CrossCallReturnLabel_19:
   \   000003   22           RET

   \                                 In  segment BANKED_CODE, align 1, keep-with-next
   \                     ?Subroutine9:
   \   000000   90....       MOV     DPTR,#pMsg
   \   000003   E0           MOVX    A,@DPTR
   \   000004   FA           MOV     R2,A
   \   000005   A3           INC     DPTR
   \   000006   E0           MOVX    A,@DPTR
   \   000007   F583         MOV     DPH,A
   \   000009   8A82         MOV     DPL,R2
   \   00000B   A3           INC     DPTR
   \   00000C   A3           INC     DPTR
   \   00000D   22           RET

   \                                 In  segment BANKED_CODE, align 1, keep-with-next
   \                     ?Subroutine3:
   \   000000   12....       LCALL   ?Subroutine8 & 0xFFFF
   \                     ??CrossCallReturnLabel_17:
   \   000003   FA           MOV     R2,A
   \   000004   A3           INC     DPTR
   \   000005   E0           MOVX    A,@DPTR
   \   000006   FB           MOV     R3,A
   \   000007   22           RET

   \                                 In  segment BANKED_CODE, align 1, keep-with-next
   \                     ?Subroutine2:
   \   000000   90....       MOV     DPTR,#pMsg
   \   000003   12....       LCALL   ?Subroutine8 & 0xFFFF
   \                     ??CrossCallReturnLabel_16:
   \   000006   12....       LCALL   ??Subroutine11_0 & 0xFFFF
   \                     ??CrossCallReturnLabel_21:
   \   000009   A3           INC     DPTR
   \   00000A   22           RET

   \                                 In  segment BANKED_CODE, align 1, keep-with-next
   \                     ?Subroutine8:
   \   000000   12....       LCALL   ?Subroutine10 & 0xFFFF
   \                     ??CrossCallReturnLabel_23:
   \   000003   A3           INC     DPTR
   \   000004   A3           INC     DPTR
   \   000005   E0           MOVX    A,@DPTR
   \   000006   22           RET

   \                                 In  segment BANKED_CODE, align 1, keep-with-next
   \                     ?Subroutine1:
   \   000000   12....       LCALL   ?Subroutine9 & 0xFFFF
   \                     ??CrossCallReturnLabel_18:
   \   000003   12....       LCALL   ?Subroutine7 & 0xFFFF
   \                     ??CrossCallReturnLabel_15:
   \   000006   AA82         MOV     R2,DPL
   \   000008   AB83         MOV     R3,DPH
   \   00000A   EE           MOV     A,R6
   \   00000B   F9           MOV     R1,A
   \   00000C   12....       LCALL   ??HalUARTRead?relay
   \   00000F   22           RET

   \                                 In  segment BANKED_CODE, align 1, keep-with-next
   \                     ?Subroutine7:
   \   000000   E0           MOVX    A,@DPTR
   \   000001   28           ADD     A,R0
   \   000002   FA           MOV     R2,A
   \   000003   A3           INC     DPTR
   \   000004   E0           MOVX    A,@DPTR
   \   000005   3400         ADDC    A,#0x0
   \   000007   8A82         MOV     DPL,R2
   \   000009   F583         MOV     DPH,A
   \   00000B   A3           INC     DPTR
   \   00000C   A3           INC     DPTR
   \   00000D   A3           INC     DPTR
   \   00000E   22           RET

   \                                 In  segment BANK_RELAYS, align 1
   \                     ??MT_UartInit?relay:
   \   000000   12....       LCALL   ?BDISPATCH
   \   000003   ......       DC24    MT_UartInit

   \                                 In  segment BANK_RELAYS, align 1
   \                     ??MT_UartRegisterTaskID?relay:
   \   000000   12....       LCALL   ?BDISPATCH
   \   000003   ......       DC24    MT_UartRegisterTaskID

   \                                 In  segment BANK_RELAYS, align 1
   \                     ??MT_UartCalcFCS?relay:
   \   000000   12....       LCALL   ?BDISPATCH
   \   000003   ......       DC24    MT_UartCalcFCS

   \                                 In  segment BANK_RELAYS, align 1
   \                     ??MT_UartProcessZToolData?relay:
   \   000000   12....       LCALL   ?BDISPATCH
   \   000003   ......       DC24    MT_UartProcessZToolData
    310          
    311          #if defined (ZAPP_P1) || defined (ZAPP_P2)
    312          /***************************************************************************************************
    313           * @fn      MT_UartProcessZAppData
    314           *
    315           * @brief   | SOP | CMD  |   Data Length   | FSC  |
    316           *          |  1  |  2   |       1         |  1   |
    317           *
    318           *          Parses the data and determine either is SPI or just simply serial data
    319           *          then send the data to correct place (MT or APP)
    320           *
    321           * @param   port    - UART port
    322           *          event   - Event that causes the callback
    323           *
    324           *
    325           * @return  None
    326           ***************************************************************************************************/
    327          void MT_UartProcessZAppData ( uint8 port, uint8 event )
    328          {
    329          
    330            osal_event_hdr_t  *msg_ptr;
    331            uint16 length = 0;
    332            uint16 rxBufLen  = Hal_UART_RxBufLen(MT_UART_DEFAULT_PORT);
    333          
    334            /*
    335               If maxZAppBufferLength is 0 or larger than current length
    336               the entire length of the current buffer is returned.
    337            */
    338            if ((MT_UartMaxZAppBufLen != 0) && (MT_UartMaxZAppBufLen <= rxBufLen))
    339            {
    340              length = MT_UartMaxZAppBufLen;
    341            }
    342            else
    343            {
    344              length = rxBufLen;
    345            }
    346          
    347            /* Verify events */
    348            if (event == HAL_UART_TX_FULL)
    349            {
    350              // Do something when TX if full
    351              return;
    352            }
    353          
    354            if (event & ( HAL_UART_RX_FULL | HAL_UART_RX_ABOUT_FULL | HAL_UART_RX_TIMEOUT))
    355            {
    356              if ( App_TaskID )
    357              {
    358                /*
    359                   If Application is ready to receive and there is something
    360                   in the Rx buffer then send it up
    361                */
    362                if ((MT_UartZAppRxStatus == MT_UART_ZAPP_RX_READY ) && (length != 0))
    363                {
    364                  /* Disable App flow control until it processes the current data */
    365                   MT_UartAppFlowControl (MT_UART_ZAPP_RX_NOT_READY);
    366          
    367                  /* 2 more bytes are added, 1 for CMD type, other for length */
    368                  msg_ptr = (osal_event_hdr_t *)osal_msg_allocate( length + sizeof(osal_event_hdr_t) );
    369                  if ( msg_ptr )
    370                  {
    371                    msg_ptr->event = SPI_INCOMING_ZAPP_DATA;
    372                    msg_ptr->status = length;
    373          
    374                    /* Read the data of Rx buffer */
    375                    HalUARTRead( MT_UART_DEFAULT_PORT, (uint8 *)(msg_ptr + 1), length );
    376          
    377                    /* Send the raw data to application...or where ever */
    378                    osal_msg_send( App_TaskID, (uint8 *)msg_ptr );
    379                  }
    380                }
    381              }
    382            }
    383          }
    384          
    385          /***************************************************************************************************
    386           * @fn      SPIMgr_ZAppBufferLengthRegister
    387           *
    388           * @brief
    389           *
    390           * @param   maxLen - Max Length that the application wants at a time
    391           *
    392           * @return  None
    393           *
    394           ***************************************************************************************************/
    395          void MT_UartZAppBufferLengthRegister ( uint16 maxLen )
    396          {
    397            /* If the maxLen is larger than the RX buff, something is not right */
    398            if (maxLen <= MT_UART_DEFAULT_MAX_RX_BUFF)
    399              MT_UartMaxZAppBufLen = maxLen;
    400            else
    401              MT_UartMaxZAppBufLen = 1; /* default is 1 byte */
    402          }
    403          
    404          /***************************************************************************************************
    405           * @fn      SPIMgr_AppFlowControl
    406           *
    407           * @brief
    408           *
    409           * @param   status - ready to send or not
    410           *
    411           * @return  None
    412           *
    413           ***************************************************************************************************/
    414          void MT_UartAppFlowControl ( bool status )
    415          {
    416          
    417            /* Make sure only update if needed */
    418            if (status != MT_UartZAppRxStatus )
    419            {
    420              MT_UartZAppRxStatus = status;
    421            }
    422          
    423            /* App is ready to read again, ProcessZAppData have to be triggered too */
    424            if (status == MT_UART_ZAPP_RX_READY)
    425            {
    426              MT_UartProcessZAppData (MT_UART_DEFAULT_PORT, HAL_UART_RX_TIMEOUT );
    427            }
    428          
    429          }
    430          
    431          #endif //ZAPP
    432          
    433          /***************************************************************************************************
    434          ***************************************************************************************************/

   Maximum stack usage in bytes:

     Function                    ISTACK PSTACK XSTACK
     --------                    ------ ------ ------
     MT_UartCalcFCS                  2      0     11
     MT_UartInit                     2      0     29
       -> HalUARTOpen                4      0     58
     MT_UartProcessZToolData         1      0     11
       -> Hal_UART_RxBufLen          0      0     22
       -> HalUARTRead                0      0     22
       -> osal_msg_allocate          0      0     22
       -> Hal_UART_RxBufLen          0      0     22
       -> HalUARTRead                0      0     22
       -> HalUARTRead                0      0     22
       -> MT_UartCalcFCS             0      0     22
       -> MT_AfCommandProcessing     0      0     22
       -> osal_msg_deallocate        0      0     22
     MT_UartRegisterTaskID           2      0      0


   Segment part sizes:

     Function/Label                  Bytes
     --------------                  -----
     App_TaskID                         1
     state                              1
     CMD_Token                          2
     LEN_Token                          1
     FSC_Token                          1
     pMsg                               2
     tempDataLen                        1
     MT_UartInit                      116
     ?Subroutine0                       7
     MT_UartRegisterTaskID             11
     MT_UartCalcFCS                    33
     MT_UartProcessZToolData          450
     ?Subroutine6                       4
     ?Subroutine10                      1
     ??Subroutine11_0                   2
     ??Subroutine12_0                   6
     ?Subroutine5                       6
     ?Subroutine4                       4
     ?Subroutine9                      14
     ?Subroutine3                       8
     ?Subroutine2                      11
     ?Subroutine8                       7
     ?Subroutine1                      16
     ?Subroutine7                      15
     ??MT_UartInit?relay                6
     ??MT_UartRegisterTaskID?relay      6
     ??MT_UartCalcFCS?relay             6
     ??MT_UartProcessZToolData?relay    6

 
 711 bytes in segment BANKED_CODE
  24 bytes in segment BANK_RELAYS
   9 bytes in segment XDATA_Z
 
 735 bytes of CODE  memory
   9 bytes of XDATA memory

Errors: none
Warnings: none
